<?xml version="1.0" encoding="UTF-8"?>
<testng-results ignored="0" total="1" passed="1" failed="0" skipped="0">
  <reporter-output>
  </reporter-output>
  <suite started-at="2025-05-30T14:36:03 IST" name="Default suite" finished-at="2025-05-30T14:36:14 IST" duration-ms="10533">
    <groups>
    </groups>
    <test started-at="2025-05-30T14:36:03 IST" name="Default test" finished-at="2025-05-30T14:36:14 IST" duration-ms="10533">
      <class name="test.IntimationAdd">
        <test-method is-config="true" signature="setup()[pri:0, instance:test.IntimationAdd@bd4dc25]" started-at="2025-05-30T14:36:03 IST" name="setup" finished-at="2025-05-30T14:36:06 IST" duration-ms="2231" status="PASS">
          <reporter-output>
          </reporter-output>
        </test-method> <!-- setup -->
        <test-method signature="FAR()[pri:0, instance:test.IntimationAdd@bd4dc25]" started-at="2025-05-30T14:36:06 IST" name="FAR" finished-at="2025-05-30T14:36:14 IST" duration-ms="7948" status="PASS">
          <reporter-output>
          </reporter-output>
        </test-method> <!-- FAR -->
        <test-method is-config="true" signature="teardown()[pri:0, instance:test.IntimationAdd@bd4dc25]" started-at="2025-05-30T14:36:14 IST" name="teardown" finished-at="2025-05-30T14:36:14 IST" duration-ms="308" status="PASS">
          <reporter-output>
          </reporter-output>
        </test-method> <!-- teardown -->
      </class> <!-- test.IntimationAdd -->
    </test> <!-- Default test -->
  </suite> <!-- Default suite -->
</testng-results>
